WARNING: for repeatability, setting FPU to use double precision
============================[ Problem Statistics ]=============================
|                                                                             |
|  Number of variables:           125                                         |
|  Number of clauses:             822                                         |
|  Parse time:                   0.00 s                                       |
|  Eliminated clauses:           0.00 Mb                                      |
|  Simplification time:          0.00 s                                       |
|                                                                             |
============================[ Search Statistics ]==============================
| Conflicts |          ORIGINAL         |          LEARNT          | Progress |
|           |    Vars  Clauses Literals |    Limit  Clauses Lit/Cl |          |
===============================================================================
===============================================================================
restarts              : 1
conflicts             : 2              (inf /sec)
decisions             : 5              (0.00 % random) (inf /sec)
propagations          : 109            (inf /sec)
conflict literals     : 4              (20.00 % deleted)
Memory used           : 22.29 MB
CPU time              : 0 s

SATISFIABLE
